IDL Version 7.1.1 (linux x86_64 m64). (c) 2009, ITT Visual Information Solutions
Installation number: 100-550.
Licensed for use by: University of Colorado

% Compiled module: ERRPLOTY.
% Compiled module: ARCTAS_PLOT.
/home/leblanc/libradtran/output/aero/rtm_20080630_wvl0353.txt
/home/leblanc/libradtran/output/aero/rtm_20080630_wvl0380.txt
/home/leblanc/libradtran/output/aero/rtm_20080630_wvl0451.txt
/home/leblanc/libradtran/output/aero/rtm_20080630_wvl0499.txt
/home/leblanc/libradtran/output/aero/rtm_20080630_wvl0520.txt
/home/leblanc/libradtran/output/aero/rtm_20080630_wvl0605.txt
/home/leblanc/libradtran/output/aero/rtm_20080630_wvl0675.txt
/home/leblanc/libradtran/output/aero/rtm_20080630_wvl0779.txt
/home/leblanc/libradtran/output/aero/rtm_20080630_wvl0864.txt
/home/leblanc/libradtran/output/aero/rtm_20080630_wvl1019.txt
/home/leblanc/libradtran/output/aero/rtm_20080630_wvl1241.txt
/home/leblanc/libradtran/output/aero/rtm_20080630_wvl1558.txt
/home/leblanc/libradtran/output/aero/rtm_20080630_wvl2139.txt
% Compiled module: READ_ASCII.
% Compiled module: QUERY_ASCII.
% Compiled module: UNIQ.
% Compiled module: LOADCT.
% Compiled module: FILEPATH.
% Compiled module: ERRPLOT.
% Compiled module: LEGEND.
       0/         390
% Compiled module: REVERSE.
       1/         390
       2/         390
       3/         390
       4/         390
       5/         390
       6/         390
       7/         390
       8/         390
       9/         390
      10/         390
      11/         390
      12/         390
      13/         390
      14/         390
      15/         390
      16/         390
      17/         390
      18/         390
      19/         390
      20/         390
      21/         390
      22/         390
      23/         390
      24/         390
      25/         390
      26/         390
      27/         390
      28/         390
      29/         390
      30/         390
      31/         390
      32/         390
      33/         390
      34/         390
      35/         390
      36/         390
      37/         390
      38/         390
      39/         390
      40/         390
      41/         390
      42/         390
      43/         390
      44/         390
      45/         390
      46/         390
      47/         390
      48/         390
      49/         390
      50/         390
      51/         390
      52/         390
      53/         390
      54/         390
      55/         390
      56/         390
      57/         390
      58/         390
      59/         390
      60/         390
      61/         390
      62/         390
      63/         390
      64/         390
      65/         390
      66/         390
      67/         390
      68/         390
      69/         390
      70/         390
      71/         390
      72/         390
      73/         390
      74/         390
      75/         390
      76/         390
      77/         390
      78/         390
      79/         390
      80/         390
      81/         390
      82/         390
      83/         390
      84/         390
      85/         390
      86/         390
      87/         390
      88/         390
      89/         390
      90/         390
      91/         390
      92/         390
      93/         390
      94/         390
      95/         390
      96/         390
      97/         390
      98/         390
      99/         390
     100/         390
     101/         390
     102/         390
     103/         390
     104/         390
     105/         390
     106/         390
     107/         390
     108/         390
     109/         390
     110/         390
     111/         390
     112/         390
     113/         390
     114/         390
     115/         390
     116/         390
     117/         390
     118/         390
     119/         390
     120/         390
     121/         390
     122/         390
     123/         390
     124/         390
     125/         390
     126/         390
     127/         390
     128/         390
     129/         390
     130/         390
     131/         390
     132/         390
     133/         390
     134/         390
     135/         390
     136/         390
     137/         390
     138/         390
     139/         390
     140/         390
     141/         390
     142/         390
     143/         390
     144/         390
     145/         390
     146/         390
     147/         390
     148/         390
     149/         390
     150/         390
     151/         390
     152/         390
     153/         390
     154/         390
     155/         390
     156/         390
     157/         390
     158/         390
     159/         390
     160/         390
     161/         390
     162/         390
     163/         390
     164/         390
     165/         390
     166/         390
     167/         390
     168/         390
     169/         390
     170/         390
     171/         390
     172/         390
     173/         390
     174/         390
     175/         390
     176/         390
     177/         390
     178/         390
     179/         390
     180/         390
     181/         390
     182/         390
     183/         390
     184/         390
     185/         390
     186/         390
     187/         390
     188/         390
     189/         390
     190/         390
     191/         390
     192/         390
     193/         390
     194/         390
     195/         390
     196/         390
     197/         390
     198/         390
     199/         390
     200/         390
     201/         390
     202/         390
     203/         390
     204/         390
     205/         390
     206/         390
     207/         390
     208/         390
     209/         390
     210/         390
     211/         390
     212/         390
     213/         390
     214/         390
     215/         390
     216/         390
     217/         390
     218/         390
     219/         390
     220/         390
     221/         390
     222/         390
     223/         390
     224/         390
     225/         390
     226/         390
     227/         390
     228/         390
     229/         390
     230/         390
     231/         390
     232/         390
     233/         390
     234/         390
     235/         390
     236/         390
     237/         390
     238/         390
     239/         390
     240/         390
     241/         390
     242/         390
     243/         390
     244/         390
     245/         390
     246/         390
     247/         390
     248/         390
     249/         390
     250/         390
     251/         390
     252/         390
     253/         390
     254/         390
     255/         390
     256/         390
     257/         390
     258/         390
     259/         390
     260/         390
     261/         390
     262/         390
     263/         390
     264/         390
     265/         390
     266/         390
     267/         390
     268/         390
     269/         390
     270/         390
     271/         390
     272/         390
     273/         390
     274/         390
     275/         390
     276/         390
     277/         390
     278/         390
     279/         390
     280/         390
     281/         390
     282/         390
     283/         390
     284/         390
     285/         390
     286/         390
     287/         390
     288/         390
     289/         390
     290/         390
     291/         390
     292/         390
     293/         390
     294/         390
     295/         390
     296/         390
     297/         390
     298/         390
     299/         390
     300/         390
     301/         390
     302/         390
     303/         390
     304/         390
     305/         390
     306/         390
     307/         390
     308/         390
     309/         390
     310/         390
     311/         390
     312/         390
     313/         390
     314/         390
     315/         390
     316/         390
     317/         390
     318/         390
     319/         390
     320/         390
     321/         390
     322/         390
     323/         390
     324/         390
     325/         390
     326/         390
     327/         390
     328/         390
     329/         390
     330/         390
     331/         390
     332/         390
     333/         390
     334/         390
     335/         390
     336/         390
     337/         390
     338/         390
     339/         390
     340/         390
     341/         390
     342/         390
     343/         390
     344/         390
     345/         390
     346/         390
     347/         390
     348/         390
     349/         390
     350/         390
     351/         390
     352/         390
     353/         390
     354/         390
     355/         390
     356/         390
     357/         390
     358/         390
     359/         390
     360/         390
     361/         390
     362/         390
     363/         390
     364/         390
     365/         390
     366/         390
     367/         390
     368/         390
     369/         390
     370/         390
     371/         390
     372/         390
     373/         390
     374/         390
     375/         390
     376/         390
     377/         390
     378/         390
     379/         390
     380/         390
     381/         390
     382/         390
     383/         390
     384/         390
     385/         390
     386/         390
     387/         390
     388/         390
     389/         390
     390/         390
